<?xml version="1.0" encoding="UTF-8"?>
<!-- Generated by org.testng.reporters.JUnitReportReporter -->
<testsuite hostname="Prasanth-PC" name="WhatsApp" tests="1" failures="0" timestamp="12 May 2015 14:28:54 GMT" time="13.896" errors="0">
  <testcase name="open" time="13.896" classname="WhatsApp"/>
</testsuite> <!-- WhatsApp -->
